{
  "uid" : "63fea176c7a39b3b",
  "name" : "test_1",
  "fullName" : "testcase.test_1#test_1",
  "historyId" : "cf53fb0cd5172238f8b56bb2dba8e9a4",
  "time" : {
    "start" : 1573436617538,
    "stop" : 1573436617539,
    "duration" : 1
  },
  "status" : "failed",
  "statusMessage" : "AssertionError: assert 1 == 2",
  "statusTrace" : "def test_1():\n>       assert 1==2\nE       assert 1 == 2\n\ntestcase\\test_1.py:3: AssertionError",
  "flaky" : false,
  "newFailed" : false,
  "beforeStages" : [ ],
  "afterStages" : [ ],
  "labels" : [ {
    "name" : "parentSuite",
    "value" : "testcase"
  }, {
    "name" : "suite",
    "value" : "test_1"
  }, {
    "name" : "host",
    "value" : "DESKTOP-HCRDV8N"
  }, {
    "name" : "thread",
    "value" : "10460-MainThread"
  }, {
    "name" : "framework",
    "value" : "pytest"
  }, {
    "name" : "language",
    "value" : "cpython3"
  }, {
    "name" : "package",
    "value" : "testcase.test_1"
  }, {
    "name" : "resultFormat",
    "value" : "allure2"
  } ],
  "parameters" : [ ],
  "links" : [ ],
  "hidden" : false,
  "retry" : false,
  "extra" : {
    "severity" : "normal",
    "retries" : [ ],
    "categories" : [ {
      "name" : "Product defects",
      "matchedStatuses" : [ ],
      "flaky" : false
    } ],
    "tags" : [ ]
  },
  "source" : "63fea176c7a39b3b.json",
  "parameterValues" : [ ]
}